{
  "stats": {
    "suites": 1,
    "tests": 1,
    "passes": 1,
    "pending": 0,
    "failures": 0,
    "start": "2025-01-11T07:00:44.840Z",
    "end": "2025-01-11T07:00:52.176Z",
    "duration": 7336,
    "testsRegistered": 1,
    "passPercent": 100,
    "pendingPercent": 0,
    "other": 0,
    "hasOther": false,
    "skipped": 0,
    "hasSkipped": false
  },
  "results": [
    {
      "uuid": "d801d4df-1a69-4e63-ae59-0d772f8ed133",
      "title": "",
      "fullFile": "cypress\\integration\\examples\\handlingTabsWindows.js",
      "file": "cypress\\integration\\examples\\handlingTabsWindows.js",
      "beforeHooks": [],
      "afterHooks": [],
      "tests": [],
      "suites": [
        {
          "uuid": "10ec709a-7b48-4e6e-9bb4-6c2302bb25b9",
          "title": "This is my first suite",
          "fullFile": "",
          "file": "",
          "beforeHooks": [],
          "afterHooks": [],
          "tests": [
            {
              "title": "Mouse Hover",
              "fullTitle": "This is my first suite Mouse Hover",
              "timedOut": null,
              "duration": 3909,
              "state": "passed",
              "speed": "fast",
              "pass": true,
              "fail": false,
              "pending": false,
              "context": null,
              "code": "cy.get(\".mouse-hover-content\").scrollIntoView().invoke('show');\ncy.contains(\"Top\").click();\ncy.url().should('include', 'top');",
              "err": {},
              "uuid": "5e117a5a-1ae3-40fc-a0ae-a525fef66869",
              "parentUUID": "10ec709a-7b48-4e6e-9bb4-6c2302bb25b9",
              "isHook": false,
              "skipped": false
            }
          ],
          "suites": [],
          "passes": [
            "5e117a5a-1ae3-40fc-a0ae-a525fef66869"
          ],
          "failures": [],
          "pending": [],
          "skipped": [],
          "duration": 3909,
          "root": false,
          "rootEmpty": false,
          "_timeout": 2000
        }
      ],
      "passes": [],
      "failures": [],
      "pending": [],
      "skipped": [],
      "duration": 0,
      "root": true,
      "rootEmpty": true,
      "_timeout": 2000
    }
  ],
  "meta": {
    "mocha": {
      "version": "7.0.1"
    },
    "mochawesome": {
      "options": {
        "quiet": false,
        "reportFilename": "mochawesome",
        "saveHtml": false,
        "saveJson": true,
        "consoleReporter": "spec",
        "useInlineDiffs": false,
        "code": true
      },
      "version": "7.1.3"
    },
    "marge": {
      "options": {
        "overwrite": false,
        "html": false,
        "json": true,
        "reportDir": "cypress\\reports\\html\\.jsons"
      },
      "version": "6.2.0"
    }
  }
}