{
  "stats": {
    "suites": 1,
    "tests": 2,
    "passes": 1,
    "pending": 0,
    "failures": 1,
    "start": "2025-01-11T07:02:23.764Z",
    "end": "2025-01-11T07:02:48.971Z",
    "duration": 25207,
    "testsRegistered": 2,
    "passPercent": 50,
    "pendingPercent": 0,
    "other": 0,
    "hasOther": false,
    "skipped": 0,
    "hasSkipped": false
  },
  "results": [
    {
      "uuid": "cc1ad95b-c870-44c4-a22f-6ddbf33a52de",
      "title": "",
      "fullFile": "cypress\\integration\\examples\\newWindowTab.js",
      "file": "cypress\\integration\\examples\\newWindowTab.js",
      "beforeHooks": [],
      "afterHooks": [],
      "tests": [],
      "suites": [
        {
          "uuid": "143036bd-265a-41cf-8596-26c0a00e3076",
          "title": "This is my first suite",
          "fullFile": "",
          "file": "",
          "beforeHooks": [],
          "afterHooks": [],
          "tests": [
            {
              "title": "child Windows",
              "fullTitle": "This is my first suite child Windows",
              "timedOut": null,
              "duration": 12341,
              "state": "passed",
              "speed": "slow",
              "pass": true,
              "fail": false,
              "pending": false,
              "context": null,
              "code": "cy.get(\"#opentab\").then(function (el) {\n  var url = el.prop('href');\n  cy.visit(url);\n  cy.origin(url, function () {\n    cy.get(\".button .main-btn\").click();\n    // cy.get(\".ud-heading-lg\").should('have.text','My courses')\n  });\n});",
              "err": {},
              "uuid": "78397683-21f5-45c9-8a74-bf2995c0d141",
              "parentUUID": "143036bd-265a-41cf-8596-26c0a00e3076",
              "isHook": false,
              "skipped": false
            },
            {
              "title": "Frames",
              "fullTitle": "This is my first suite Frames",
              "timedOut": null,
              "duration": 8511,
              "state": "failed",
              "speed": null,
              "pass": false,
              "fail": true,
              "pending": false,
              "context": "{\n  \"title\": \"cypress-mochawesome-reporter-screenshots\",\n  \"value\": [\n    [\n      \"\\\\newWindowTab.js\\\\This is my first suite -- Frames (failed).png\"\n    ]\n  ]\n}",
              "code": "cy.get(\"#frame-button\").click();",
              "err": {
                "message": "AssertionError: Timed out retrying after 4000ms: Expected to find element: `#frame-button`, but never found it.",
                "estack": "AssertionError: Timed out retrying after 4000ms: Expected to find element: `#frame-button`, but never found it.\n    at Context.eval (cypress/integration/examples/newWindowTab.js:30:11)",
                "diff": null
              },
              "uuid": "a86bbc2e-53de-427f-86fe-34917f7d42f3",
              "parentUUID": "143036bd-265a-41cf-8596-26c0a00e3076",
              "isHook": false,
              "skipped": false
            }
          ],
          "suites": [],
          "passes": [
            "78397683-21f5-45c9-8a74-bf2995c0d141"
          ],
          "failures": [
            "a86bbc2e-53de-427f-86fe-34917f7d42f3"
          ],
          "pending": [],
          "skipped": [],
          "duration": 20852,
          "root": false,
          "rootEmpty": false,
          "_timeout": 2000
        }
      ],
      "passes": [],
      "failures": [],
      "pending": [],
      "skipped": [],
      "duration": 0,
      "root": true,
      "rootEmpty": true,
      "_timeout": 2000
    }
  ],
  "meta": {
    "mocha": {
      "version": "7.0.1"
    },
    "mochawesome": {
      "options": {
        "quiet": false,
        "reportFilename": "mochawesome",
        "saveHtml": false,
        "saveJson": true,
        "consoleReporter": "spec",
        "useInlineDiffs": false,
        "code": true
      },
      "version": "7.1.3"
    },
    "marge": {
      "options": {
        "overwrite": false,
        "html": false,
        "json": true,
        "reportDir": "cypress\\reports\\html\\.jsons"
      },
      "version": "6.2.0"
    }
  }
}