{
  "stats": {
    "suites": 1,
    "tests": 1,
    "passes": 1,
    "pending": 0,
    "failures": 0,
    "start": "2025-02-20T15:20:52.690Z",
    "end": "2025-02-20T15:21:03.018Z",
    "duration": 10328,
    "testsRegistered": 1,
    "passPercent": 100,
    "pendingPercent": 0,
    "other": 0,
    "hasOther": false,
    "skipped": 0,
    "hasSkipped": false
  },
  "results": [
    {
      "uuid": "ae48508d-5cb5-4de1-a322-c5f507f76074",
      "title": "",
      "fullFile": "cypress\\integration\\examples\\Test1.js",
      "file": "cypress\\integration\\examples\\Test1.js",
      "beforeHooks": [],
      "afterHooks": [],
      "tests": [],
      "suites": [
        {
          "uuid": "85bedcfe-335c-42a9-90b7-236997822845",
          "title": "This is my first suite",
          "fullFile": "",
          "file": "",
          "beforeHooks": [],
          "afterHooks": [],
          "tests": [
            {
              "title": "Visits the Rahul Shetty",
              "fullTitle": "This is my first suite Visits the Rahul Shetty",
              "timedOut": null,
              "duration": 5490,
              "state": "passed",
              "speed": "medium",
              "pass": true,
              "fail": false,
              "pending": false,
              "context": null,
              "code": "cy.visit('https://rahulshettyacademy.com/seleniumPractise/#/');\n// cy.get('.search-keyword').type(\"ca\")\ncy.get(landingPage.searchBar).type(\"ca\");\ncy.get(landingPage.productList).find(landingPage.productName).each(function (name) {\n  var textVeg = name.find(landingPage.vegName).text();\n  if (textVeg.includes('Cashews')) {\n    cy.wrap(name).find(landingPage.button).click();\n  }\n});\ncy.get(landingPage.shoppingCart).click();\ncy.get(landingPage.vegName).should('contain', 'Cashews');\ncy.contains(landingPage.proceedToCheckoutText).should('have.text', 'PROCEED TO CHECKOUT').click();\ncy.get(landingPage.cartSection).should('have.attr', 'placeholder');\ncy.contains(landingPage.placeOrderButton).click();\ncy.get(landingPage.wrapper).find(landingPage.label).should('have.text', 'Choose Country');",
              "err": {},
              "uuid": "7ba763dd-69ad-4e36-aa3f-dad142b06f67",
              "parentUUID": "85bedcfe-335c-42a9-90b7-236997822845",
              "isHook": false,
              "skipped": false
            }
          ],
          "suites": [],
          "passes": [
            "7ba763dd-69ad-4e36-aa3f-dad142b06f67"
          ],
          "failures": [],
          "pending": [],
          "skipped": [],
          "duration": 5490,
          "root": false,
          "rootEmpty": false,
          "_timeout": 2000
        }
      ],
      "passes": [],
      "failures": [],
      "pending": [],
      "skipped": [],
      "duration": 0,
      "root": true,
      "rootEmpty": true,
      "_timeout": 2000
    }
  ],
  "meta": {
    "mocha": {
      "version": "7.0.1"
    },
    "mochawesome": {
      "options": {
        "quiet": false,
        "reportFilename": "mochawesome",
        "saveHtml": false,
        "saveJson": true,
        "consoleReporter": "spec",
        "useInlineDiffs": false,
        "code": true
      },
      "version": "7.1.3"
    },
    "marge": {
      "options": {
        "overwrite": false,
        "html": false,
        "json": true,
        "reportDir": "cypress\\reports\\html\\.jsons"
      },
      "version": "6.2.0"
    }
  }
}