{
  "stats": {
    "suites": 1,
    "tests": 1,
    "passes": 1,
    "pending": 0,
    "failures": 0,
    "start": "2025-02-20T15:21:37.277Z",
    "end": "2025-02-20T15:21:44.638Z",
    "duration": 7361,
    "testsRegistered": 1,
    "passPercent": 100,
    "pendingPercent": 0,
    "other": 0,
    "hasOther": false,
    "skipped": 0,
    "hasSkipped": false
  },
  "results": [
    {
      "uuid": "587457aa-d0ec-4933-9885-c79f8ec9cab9",
      "title": "",
      "fullFile": "cypress\\integration\\examples\\iframes.js",
      "file": "cypress\\integration\\examples\\iframes.js",
      "beforeHooks": [],
      "afterHooks": [],
      "tests": [],
      "suites": [
        {
          "uuid": "93e1d1ca-66aa-4e05-9608-85c0e5ae6e8e",
          "title": "This is my first suite",
          "fullFile": "",
          "file": "",
          "beforeHooks": [],
          "afterHooks": [],
          "tests": [
            {
              "title": "Frames",
              "fullTitle": "This is my first suite Frames",
              "timedOut": null,
              "duration": 4037,
              "state": "passed",
              "speed": "fast",
              "pass": true,
              "fail": false,
              "pending": false,
              "context": null,
              "code": "cy.get('#courses-iframe').its('0.contentDocument.body').should('not.be.empty').then(cy.wrap).find(\"[href='mentorship']\").eq(0).click();\n// cy.get().its('0.contentDocument.body').should('not.be.empty').then(cy.wrap).find().eq().click()",
              "err": {},
              "uuid": "7fc0e064-9ec6-464b-8b0b-fba9b83a2449",
              "parentUUID": "93e1d1ca-66aa-4e05-9608-85c0e5ae6e8e",
              "isHook": false,
              "skipped": false
            }
          ],
          "suites": [],
          "passes": [
            "7fc0e064-9ec6-464b-8b0b-fba9b83a2449"
          ],
          "failures": [],
          "pending": [],
          "skipped": [],
          "duration": 4037,
          "root": false,
          "rootEmpty": false,
          "_timeout": 2000
        }
      ],
      "passes": [],
      "failures": [],
      "pending": [],
      "skipped": [],
      "duration": 0,
      "root": true,
      "rootEmpty": true,
      "_timeout": 2000
    }
  ],
  "meta": {
    "mocha": {
      "version": "7.0.1"
    },
    "mochawesome": {
      "options": {
        "quiet": false,
        "reportFilename": "mochawesome",
        "saveHtml": false,
        "saveJson": true,
        "consoleReporter": "spec",
        "useInlineDiffs": false,
        "code": true
      },
      "version": "7.1.3"
    },
    "marge": {
      "options": {
        "overwrite": false,
        "html": false,
        "json": true,
        "reportDir": "cypress\\reports\\html\\.jsons"
      },
      "version": "6.2.0"
    }
  }
}