{
  "stats": {
    "suites": 1,
    "tests": 1,
    "passes": 1,
    "pending": 0,
    "failures": 0,
    "start": "2025-02-20T15:21:55.008Z",
    "end": "2025-02-20T15:21:58.671Z",
    "duration": 3663,
    "testsRegistered": 1,
    "passPercent": 100,
    "pendingPercent": 0,
    "other": 0,
    "hasOther": false,
    "skipped": 0,
    "hasSkipped": false
  },
  "results": [
    {
      "uuid": "20e80a7c-35bf-463a-88d2-f1e18fef359a",
      "title": "",
      "fullFile": "cypress\\integration\\examples\\jwttoken.js",
      "file": "cypress\\integration\\examples\\jwttoken.js",
      "beforeHooks": [],
      "afterHooks": [],
      "tests": [],
      "suites": [
        {
          "uuid": "cade8123-dda7-4961-930b-8d200075a2d9",
          "title": "Interncept Concept",
          "fullFile": "",
          "file": "",
          "beforeHooks": [],
          "afterHooks": [],
          "tests": [
            {
              "title": "Intercept Request and Response",
              "fullTitle": "Interncept Concept Intercept Request and Response",
              "timedOut": null,
              "duration": 941,
              "state": "passed",
              "speed": "fast",
              "pass": true,
              "fail": false,
              "pending": false,
              "context": null,
              "code": "cy.LoginApi().then(function () {\n  cy.visit(\"https://rahulshettyacademy.com/client\", {\n    onBeforeLoad: function onBeforeLoad(window) {\n      window.localStorage.setItem('token', Cypress.env('token'));\n    }\n  });\n});",
              "err": {},
              "uuid": "a5293f62-b00d-4e8f-aa99-b4e82283f390",
              "parentUUID": "cade8123-dda7-4961-930b-8d200075a2d9",
              "isHook": false,
              "skipped": false
            }
          ],
          "suites": [],
          "passes": [
            "a5293f62-b00d-4e8f-aa99-b4e82283f390"
          ],
          "failures": [],
          "pending": [],
          "skipped": [],
          "duration": 941,
          "root": false,
          "rootEmpty": false,
          "_timeout": 2000
        }
      ],
      "passes": [],
      "failures": [],
      "pending": [],
      "skipped": [],
      "duration": 0,
      "root": true,
      "rootEmpty": true,
      "_timeout": 2000
    }
  ],
  "meta": {
    "mocha": {
      "version": "7.0.1"
    },
    "mochawesome": {
      "options": {
        "quiet": false,
        "reportFilename": "mochawesome",
        "saveHtml": false,
        "saveJson": true,
        "consoleReporter": "spec",
        "useInlineDiffs": false,
        "code": true
      },
      "version": "7.1.3"
    },
    "marge": {
      "options": {
        "overwrite": false,
        "html": false,
        "json": true,
        "reportDir": "cypress\\reports\\html\\.jsons"
      },
      "version": "6.2.0"
    }
  }
}