{
  "stats": {
    "suites": 1,
    "tests": 2,
    "passes": 2,
    "pending": 0,
    "failures": 0,
    "start": "2025-02-20T15:21:06.041Z",
    "end": "2025-02-20T15:21:16.267Z",
    "duration": 10226,
    "testsRegistered": 2,
    "passPercent": 100,
    "pendingPercent": 0,
    "other": 0,
    "hasOther": false,
    "skipped": 0,
    "hasSkipped": false
  },
  "results": [
    {
      "uuid": "349c8df6-5fdf-4040-b825-c8adc29466e2",
      "title": "",
      "fullFile": "cypress\\integration\\examples\\buttonsdropdown.js",
      "file": "cypress\\integration\\examples\\buttonsdropdown.js",
      "beforeHooks": [],
      "afterHooks": [],
      "tests": [],
      "suites": [
        {
          "uuid": "94406b46-e34a-4969-b12f-bfa06413de5f",
          "title": "This is my first suite",
          "fullFile": "",
          "file": "",
          "beforeHooks": [],
          "afterHooks": [],
          "tests": [
            {
              "title": "Element Visiblity Test",
              "fullTitle": "This is my first suite Element Visiblity Test",
              "timedOut": null,
              "duration": 5535,
              "state": "passed",
              "speed": "medium",
              "pass": true,
              "fail": false,
              "pending": false,
              "context": null,
              "code": "cy.get('#displayed-text').should('be.visible');\ncy.get('#hide-textbox').click();\ncy.get('#displayed-text').should('not.be.visible');",
              "err": {},
              "uuid": "e6404e5b-07f9-494a-b144-18a89bb3d7d2",
              "parentUUID": "94406b46-e34a-4969-b12f-bfa06413de5f",
              "isHook": false,
              "skipped": false
            },
            {
              "title": "Alerts",
              "fullTitle": "This is my first suite Alerts",
              "timedOut": null,
              "duration": 1558,
              "state": "passed",
              "speed": "fast",
              "pass": true,
              "fail": false,
              "pending": false,
              "context": null,
              "code": "cy.get('#alertbtn').click();\ncy.get('#confirmbtn').click();\n// cy.on('window:confirm', (str) => {\n//   expect(str).to.equal(\"Hello , Are you sure you want to confirm?\")\n//   return false;\n// })\ncy.on('window:confirm', function () {\n  return false;\n});\ncy.on('window:alert', function (str) {\n  expect(str).to.equal(\"Hello , share this practice page and share your knowledge\");\n});",
              "err": {},
              "uuid": "c744642d-979f-4645-8145-47aba1784e17",
              "parentUUID": "94406b46-e34a-4969-b12f-bfa06413de5f",
              "isHook": false,
              "skipped": false
            }
          ],
          "suites": [],
          "passes": [
            "e6404e5b-07f9-494a-b144-18a89bb3d7d2",
            "c744642d-979f-4645-8145-47aba1784e17"
          ],
          "failures": [],
          "pending": [],
          "skipped": [],
          "duration": 7093,
          "root": false,
          "rootEmpty": false,
          "_timeout": 2000
        }
      ],
      "passes": [],
      "failures": [],
      "pending": [],
      "skipped": [],
      "duration": 0,
      "root": true,
      "rootEmpty": true,
      "_timeout": 2000
    }
  ],
  "meta": {
    "mocha": {
      "version": "7.0.1"
    },
    "mochawesome": {
      "options": {
        "quiet": false,
        "reportFilename": "mochawesome",
        "saveHtml": false,
        "saveJson": true,
        "consoleReporter": "spec",
        "useInlineDiffs": false,
        "code": true
      },
      "version": "7.1.3"
    },
    "marge": {
      "options": {
        "overwrite": false,
        "html": false,
        "json": true,
        "reportDir": "cypress\\reports\\html\\.jsons"
      },
      "version": "6.2.0"
    }
  }
}