{
  "stats": {
    "suites": 1,
    "tests": 1,
    "passes": 1,
    "pending": 0,
    "failures": 0,
    "start": "2025-02-20T15:21:19.533Z",
    "end": "2025-02-20T15:21:24.179Z",
    "duration": 4646,
    "testsRegistered": 1,
    "passPercent": 100,
    "pendingPercent": 0,
    "other": 0,
    "hasOther": false,
    "skipped": 0,
    "hasSkipped": false
  },
  "results": [
    {
      "uuid": "82829b9b-b9d4-4228-b74c-314853d49960",
      "title": "",
      "fullFile": "cypress\\integration\\examples\\datepickers.js",
      "file": "cypress\\integration\\examples\\datepickers.js",
      "beforeHooks": [],
      "afterHooks": [],
      "tests": [],
      "suites": [
        {
          "uuid": "214e9313-7225-4431-b896-420ed68fd538",
          "title": "This is my first suite",
          "fullFile": "",
          "file": "",
          "beforeHooks": [],
          "afterHooks": [],
          "tests": [
            {
              "title": "date pickers",
              "fullTitle": "This is my first suite date pickers",
              "timedOut": null,
              "duration": 1882,
              "state": "passed",
              "speed": "fast",
              "pass": true,
              "fail": false,
              "pending": false,
              "context": null,
              "code": "var day = '25';\nvar month = '6';\nvar year = '2024';\nvar date = [month, day, year];\ncy.get(\".react-date-picker\").click();\ncy.get(\".react-calendar__navigation\").click();\ncy.get(\".react-calendar__navigation\").click();\ncy.contains(\".react-calendar__tile\", year).click();\ncy.get(\"abbr\").eq(parseInt(month) - 1).click();\n// cy.get(\"abbr\",'26').contains('26').click();\ncy.contains(\"abbr\", day).click();\ncy.get(\".react-date-picker__inputGroup__input\").each(function (el, index) {\n  expect(el).to.have.value(date[index]);\n});",
              "err": {},
              "uuid": "13e22bd7-0995-404c-be07-12c8cfe63313",
              "parentUUID": "214e9313-7225-4431-b896-420ed68fd538",
              "isHook": false,
              "skipped": false
            }
          ],
          "suites": [],
          "passes": [
            "13e22bd7-0995-404c-be07-12c8cfe63313"
          ],
          "failures": [],
          "pending": [],
          "skipped": [],
          "duration": 1882,
          "root": false,
          "rootEmpty": false,
          "_timeout": 2000
        }
      ],
      "passes": [],
      "failures": [],
      "pending": [],
      "skipped": [],
      "duration": 0,
      "root": true,
      "rootEmpty": true,
      "_timeout": 2000
    }
  ],
  "meta": {
    "mocha": {
      "version": "7.0.1"
    },
    "mochawesome": {
      "options": {
        "quiet": false,
        "reportFilename": "mochawesome",
        "saveHtml": false,
        "saveJson": true,
        "consoleReporter": "spec",
        "useInlineDiffs": false,
        "code": true
      },
      "version": "7.1.3"
    },
    "marge": {
      "options": {
        "overwrite": false,
        "html": false,
        "json": true,
        "reportDir": "cypress\\reports\\html\\.jsons"
      },
      "version": "6.2.0"
    }
  }
}