{
  "stats": {
    "suites": 1,
    "tests": 1,
    "passes": 0,
    "pending": 3,
    "failures": -2,
    "start": "2025-01-07T12:57:42.356Z",
    "end": "2025-01-07T12:57:42.464Z",
    "duration": 108,
    "testsRegistered": 3,
    "passPercent": null,
    "pendingPercent": 100,
    "other": 2,
    "hasOther": true,
    "skipped": 0,
    "hasSkipped": false
  },
  "results": [
    {
      "uuid": "a5682eb8-4e11-457f-bd89-3654a0c9353c",
      "title": "",
      "fullFile": "cypress\\integration\\examples\\BDD\\ecommerce.feature",
      "file": "cypress\\integration\\examples\\BDD\\ecommerce.feature",
      "beforeHooks": [],
      "afterHooks": [],
      "tests": [],
      "suites": [
        {
          "uuid": "89262b13-311f-4639-8059-bec83582f7eb",
          "title": "End to End Ecommece Validation",
          "fullFile": "",
          "file": "",
          "beforeHooks": [],
          "afterHooks": [],
          "tests": [
            {
              "title": "Ecommerce products delivery",
              "fullTitle": "End to End Ecommece Validation Ecommerce products delivery",
              "timedOut": null,
              "duration": 0,
              "state": "pending",
              "speed": null,
              "pass": false,
              "fail": false,
              "pending": true,
              "context": null,
              "code": "",
              "err": {},
              "uuid": "b537567d-8c36-4e4f-a53d-ca9933c887cf",
              "parentUUID": "89262b13-311f-4639-8059-bec83582f7eb",
              "isHook": false,
              "skipped": false
            },
            {
              "title": "Scenario Outline name: Ecommerce products delivery",
              "fullTitle": "End to End Ecommece Validation Scenario Outline name: Ecommerce products delivery",
              "timedOut": null,
              "duration": 0,
              "state": "pending",
              "speed": null,
              "pass": false,
              "fail": false,
              "pending": true,
              "context": null,
              "code": "",
              "err": {},
              "uuid": "362fc780-8d52-4ad8-a5f2-28e8cd29250c",
              "parentUUID": "89262b13-311f-4639-8059-bec83582f7eb",
              "isHook": false,
              "skipped": false
            },
            {
              "title": "Scenario Outline name: Ecommerce products delivery",
              "fullTitle": "End to End Ecommece Validation Scenario Outline name: Ecommerce products delivery",
              "timedOut": null,
              "duration": 0,
              "state": "pending",
              "speed": null,
              "pass": false,
              "fail": false,
              "pending": true,
              "context": null,
              "code": "",
              "err": {},
              "uuid": "b3156ebe-b78e-4efd-a477-57326de0710b",
              "parentUUID": "89262b13-311f-4639-8059-bec83582f7eb",
              "isHook": false,
              "skipped": false
            }
          ],
          "suites": [],
          "passes": [],
          "failures": [],
          "pending": [
            "b537567d-8c36-4e4f-a53d-ca9933c887cf",
            "362fc780-8d52-4ad8-a5f2-28e8cd29250c",
            "b3156ebe-b78e-4efd-a477-57326de0710b"
          ],
          "skipped": [],
          "duration": 0,
          "root": false,
          "rootEmpty": false,
          "_timeout": 2000
        }
      ],
      "passes": [],
      "failures": [],
      "pending": [],
      "skipped": [],
      "duration": 0,
      "root": true,
      "rootEmpty": true,
      "_timeout": 2000
    }
  ],
  "meta": {
    "mocha": {
      "version": "7.0.1"
    },
    "mochawesome": {
      "options": {
        "quiet": false,
        "reportFilename": "mochawesome",
        "saveHtml": false,
        "saveJson": true,
        "consoleReporter": "spec",
        "useInlineDiffs": false,
        "code": true
      },
      "version": "7.1.3"
    },
    "marge": {
      "options": {
        "overwrite": false,
        "html": false,
        "json": true,
        "reportDir": "cypress\\reports\\html\\.jsons"
      },
      "version": "6.2.0"
    }
  }
}