{
  "stats": {
    "suites": 1,
    "tests": 1,
    "passes": 1,
    "pending": 0,
    "failures": 0,
    "start": "2025-01-11T07:01:33.719Z",
    "end": "2025-01-11T07:01:37.871Z",
    "duration": 4152,
    "testsRegistered": 1,
    "passPercent": 100,
    "pendingPercent": 0,
    "other": 0,
    "hasOther": false,
    "skipped": 0,
    "hasSkipped": false
  },
  "results": [
    {
      "uuid": "6ede6d83-c8e1-4f42-a2cb-08019b30a55d",
      "title": "",
      "fullFile": "cypress\\integration\\examples\\intercept.js",
      "file": "cypress\\integration\\examples\\intercept.js",
      "beforeHooks": [],
      "afterHooks": [],
      "tests": [],
      "suites": [
        {
          "uuid": "201421fc-0f54-4ffc-bc78-b8b26e7ebd0f",
          "title": "Interncept Concept",
          "fullFile": "",
          "file": "",
          "beforeHooks": [],
          "afterHooks": [],
          "tests": [
            {
              "title": "Intercept Request and Response",
              "fullTitle": "Interncept Concept Intercept Request and Response",
              "timedOut": null,
              "duration": 1260,
              "state": "passed",
              "speed": "fast",
              "pass": true,
              "fail": false,
              "pending": false,
              "context": null,
              "code": "cy.visit(\"https://rahulshettyacademy.com/angularAppdemo/\");\ncy.intercept({\n  method: \"GET\",\n  url: \"https://rahulshettyacademy.com/Library/GetBook.php?AuthorName=shetty\"\n}, {\n  statusCode: 200,\n  body: [{\n    \"book_name\": \"RestAssured with Java\",\n    \"isbn\": \"LSA\",\n    \"aisle\": \"2303\"\n  }]\n}).as('resp');\ncy.get(\"[data-toggle='modal']\").click();\ncy.wait('@resp');\ncy.get(\"tbody tr\").children().last().should('have.text', 'RestAssured with Java');\n//cy.get(\"tr td:nth-child(4)\").should('have.text','RestAssured with Java')",
              "err": {},
              "uuid": "eaa19de0-836e-4ef8-a890-1c3f0ff291e4",
              "parentUUID": "201421fc-0f54-4ffc-bc78-b8b26e7ebd0f",
              "isHook": false,
              "skipped": false
            }
          ],
          "suites": [],
          "passes": [
            "eaa19de0-836e-4ef8-a890-1c3f0ff291e4"
          ],
          "failures": [],
          "pending": [],
          "skipped": [],
          "duration": 1260,
          "root": false,
          "rootEmpty": false,
          "_timeout": 2000
        }
      ],
      "passes": [],
      "failures": [],
      "pending": [],
      "skipped": [],
      "duration": 0,
      "root": true,
      "rootEmpty": true,
      "_timeout": 2000
    }
  ],
  "meta": {
    "mocha": {
      "version": "7.0.1"
    },
    "mochawesome": {
      "options": {
        "quiet": false,
        "reportFilename": "mochawesome",
        "saveHtml": false,
        "saveJson": true,
        "consoleReporter": "spec",
        "useInlineDiffs": false,
        "code": true
      },
      "version": "7.1.3"
    },
    "marge": {
      "options": {
        "overwrite": false,
        "html": false,
        "json": true,
        "reportDir": "cypress\\reports\\html\\.jsons"
      },
      "version": "6.2.0"
    }
  }
}