{
  "stats": {
    "suites": 1,
    "tests": 2,
    "passes": 2,
    "pending": 0,
    "failures": 0,
    "start": "2025-01-11T06:59:49.089Z",
    "end": "2025-01-11T07:00:00.432Z",
    "duration": 11343,
    "testsRegistered": 2,
    "passPercent": 100,
    "pendingPercent": 0,
    "other": 0,
    "hasOther": false,
    "skipped": 0,
    "hasSkipped": false
  },
  "results": [
    {
      "uuid": "9cff0fc2-3ca4-4a78-b054-c4db4951b089",
      "title": "",
      "fullFile": "cypress\\integration\\examples\\buttonsdropdown.js",
      "file": "cypress\\integration\\examples\\buttonsdropdown.js",
      "beforeHooks": [],
      "afterHooks": [],
      "tests": [],
      "suites": [
        {
          "uuid": "23ba60c6-637f-42de-9776-5c80d7524466",
          "title": "This is my first suite",
          "fullFile": "",
          "file": "",
          "beforeHooks": [],
          "afterHooks": [],
          "tests": [
            {
              "title": "Element Visiblity Test",
              "fullTitle": "This is my first suite Element Visiblity Test",
              "timedOut": null,
              "duration": 5182,
              "state": "passed",
              "speed": "medium",
              "pass": true,
              "fail": false,
              "pending": false,
              "context": null,
              "code": "cy.get('#displayed-text').should('be.visible');\ncy.get('#hide-textbox').click();\ncy.get('#displayed-text').should('not.be.visible');",
              "err": {},
              "uuid": "f854e4c2-753d-4367-a532-b84d120d0a25",
              "parentUUID": "23ba60c6-637f-42de-9776-5c80d7524466",
              "isHook": false,
              "skipped": false
            },
            {
              "title": "Alerts",
              "fullTitle": "This is my first suite Alerts",
              "timedOut": null,
              "duration": 2218,
              "state": "passed",
              "speed": "fast",
              "pass": true,
              "fail": false,
              "pending": false,
              "context": null,
              "code": "cy.get('#alertbtn').click();\ncy.get('#confirmbtn').click();\n// cy.on('window:confirm', (str) => {\n//   expect(str).to.equal(\"Hello , Are you sure you want to confirm?\")\n//   return false;\n// })\ncy.on('window:confirm', function () {\n  return false;\n});\ncy.on('window:alert', function (str) {\n  expect(str).to.equal(\"Hello , share this practice page and share your knowledge\");\n});",
              "err": {},
              "uuid": "e8f6317a-c0b9-447b-9cf4-7915ffc81c96",
              "parentUUID": "23ba60c6-637f-42de-9776-5c80d7524466",
              "isHook": false,
              "skipped": false
            }
          ],
          "suites": [],
          "passes": [
            "f854e4c2-753d-4367-a532-b84d120d0a25",
            "e8f6317a-c0b9-447b-9cf4-7915ffc81c96"
          ],
          "failures": [],
          "pending": [],
          "skipped": [],
          "duration": 7400,
          "root": false,
          "rootEmpty": false,
          "_timeout": 2000
        }
      ],
      "passes": [],
      "failures": [],
      "pending": [],
      "skipped": [],
      "duration": 0,
      "root": true,
      "rootEmpty": true,
      "_timeout": 2000
    }
  ],
  "meta": {
    "mocha": {
      "version": "7.0.1"
    },
    "mochawesome": {
      "options": {
        "quiet": false,
        "reportFilename": "mochawesome",
        "saveHtml": false,
        "saveJson": true,
        "consoleReporter": "spec",
        "useInlineDiffs": false,
        "code": true
      },
      "version": "7.1.3"
    },
    "marge": {
      "options": {
        "overwrite": false,
        "html": false,
        "json": true,
        "reportDir": "cypress\\reports\\html\\.jsons"
      },
      "version": "6.2.0"
    }
  }
}