{
  "stats": {
    "suites": 1,
    "tests": 1,
    "passes": 1,
    "pending": 0,
    "failures": 0,
    "start": "2025-02-20T15:21:27.533Z",
    "end": "2025-02-20T15:21:33.137Z",
    "duration": 5604,
    "testsRegistered": 1,
    "passPercent": 100,
    "pendingPercent": 0,
    "other": 0,
    "hasOther": false,
    "skipped": 0,
    "hasSkipped": false
  },
  "results": [
    {
      "uuid": "9390c3d8-e137-471b-b48d-1a985eafbf07",
      "title": "",
      "fullFile": "cypress\\integration\\examples\\handlingTabsWindows.js",
      "file": "cypress\\integration\\examples\\handlingTabsWindows.js",
      "beforeHooks": [],
      "afterHooks": [],
      "tests": [],
      "suites": [
        {
          "uuid": "efb304b5-de52-498a-8e58-ff9c77f6281b",
          "title": "This is my first suite",
          "fullFile": "",
          "file": "",
          "beforeHooks": [],
          "afterHooks": [],
          "tests": [
            {
              "title": "Mouse Hover",
              "fullTitle": "This is my first suite Mouse Hover",
              "timedOut": null,
              "duration": 3173,
              "state": "passed",
              "speed": "fast",
              "pass": true,
              "fail": false,
              "pending": false,
              "context": null,
              "code": "cy.get(\".mouse-hover-content\").scrollIntoView().invoke('show');\ncy.contains(\"Top\").click();\ncy.url().should('include', 'top');",
              "err": {},
              "uuid": "124579a4-5cb2-4bec-9904-0c93c3bc358a",
              "parentUUID": "efb304b5-de52-498a-8e58-ff9c77f6281b",
              "isHook": false,
              "skipped": false
            }
          ],
          "suites": [],
          "passes": [
            "124579a4-5cb2-4bec-9904-0c93c3bc358a"
          ],
          "failures": [],
          "pending": [],
          "skipped": [],
          "duration": 3173,
          "root": false,
          "rootEmpty": false,
          "_timeout": 2000
        }
      ],
      "passes": [],
      "failures": [],
      "pending": [],
      "skipped": [],
      "duration": 0,
      "root": true,
      "rootEmpty": true,
      "_timeout": 2000
    }
  ],
  "meta": {
    "mocha": {
      "version": "7.0.1"
    },
    "mochawesome": {
      "options": {
        "quiet": false,
        "reportFilename": "mochawesome",
        "saveHtml": false,
        "saveJson": true,
        "consoleReporter": "spec",
        "useInlineDiffs": false,
        "code": true
      },
      "version": "7.1.3"
    },
    "marge": {
      "options": {
        "overwrite": false,
        "html": false,
        "json": true,
        "reportDir": "cypress\\reports\\html\\.jsons"
      },
      "version": "6.2.0"
    }
  }
}